[${project.name}][${env:SERVER_PORT}] 2021-11-28 21:33:15,338 INFO [main][StartupInfoLogger.java:50] - Starting SailingBootstrap on LAPTOP-VBDG941V with PID 18704 (E:\MyCode\Java\sailing\target\classes started by liguohui in E:\MyCode\Java\sailing)
[${project.name}][${env:SERVER_PORT}] 2021-11-28 21:33:15,344 INFO [main][SpringApplication.java:675] - No active profile set, falling back to default profiles: default
[${project.name}][${env:SERVER_PORT}] 2021-11-28 21:33:15,996 INFO [main][RepositoryConfigurationDelegate.java:244] - Multiple Spring Data modules found, entering strict repository configuration mode!
[${project.name}][${env:SERVER_PORT}] 2021-11-28 21:33:15,998 INFO [main][RepositoryConfigurationDelegate.java:126] - Bootstrapping Spring Data repositories in DEFAULT mode.
[${project.name}][${env:SERVER_PORT}] 2021-11-28 21:33:16,021 INFO [main][RepositoryConfigurationDelegate.java:182] - Finished Spring Data repository scanning in 13ms. Found 0 repository interfaces.
[${project.name}][${env:SERVER_PORT}] 2021-11-28 21:33:16,450 INFO [main][TomcatWebServer.java:90] - Tomcat initialized with port(s): 56085 (http)
[${project.name}][${env:SERVER_PORT}] 2021-11-28 21:33:16,460 INFO [main][DirectJDKLog.java:173] - Initializing ProtocolHandler ["http-nio-56085"]
[${project.name}][${env:SERVER_PORT}] 2021-11-28 21:33:16,466 INFO [main][DirectJDKLog.java:173] - Starting service [Tomcat]
[${project.name}][${env:SERVER_PORT}] 2021-11-28 21:33:16,466 INFO [main][DirectJDKLog.java:173] - Starting Servlet engine: [Apache Tomcat/9.0.16]
[${project.name}][${env:SERVER_PORT}] 2021-11-28 21:33:16,471 INFO [main][DirectJDKLog.java:173] - The APR based Apache Tomcat Native library which allows optimal performance in production environments was not found on the java.library.path: [D:\JDK\jdk1.8.0_191\bin;C:\Windows\Sun\Java\bin;C:\Windows\system32;C:\Windows;D:\JDK\jdk1.8.0_191\bin;C:\Program Files (x86)\Common Files\Oracle\Java\javapath;C:\Program Files (x86)\VMware\VMware Workstation\bin\;C:\Program Files\NVIDIA GPU Computing Toolkit\CUDA\v11.0\bin;C:\Program Files\NVIDIA GPU Computing Toolkit\CUDA\v11.0\libnvvp;C:\Program Files\NVIDIA GPU Computing Toolkit\CUDA\v10.1\bin;C:\Program Files\NVIDIA GPU Computing Toolkit\CUDA\v10.1\libnvvp;C:\Windows\system32;C:\Windows;C:\Windows\System32\Wbem;C:\Windows\System32\WindowsPowerShell\v1.0\;C:\Windows\System32\OpenSSH\;C:\Program Files (x86)\NVIDIA Corporation\PhysX\Common;C:\Program Files\NVIDIA Corporation\NVIDIA NvDLISR;C:\Program Files\NVIDIA Corporation\Nsight Compute 2020.1.1\;D:\MinGW\bin;D:\ProgramData\Anaconda3;D:\ProgramData\Anaconda3\Scripts;D:\ProgramData\Anaconda3\Library\bin;D:\Program_My\mysql-8.0.27-winx64\bin;D:\JDK\jdk1.8.0_191\jre\bin;D:\shanjupay-web\node_modules\.bin;D:\Program Files\nodejs\;C:\Program Files (x86)\Yarn\bin\;D:\Program Files\Git\Git\cmd;C:\Program Files (x86)\GitExtensions\;D:\Program_My\apache-maven-3.3.9\bin;C:\Users\liguohui\AppData\Local\Microsoft\WindowsApps;;D:\Program Files\JetBrains\PyCharm 2021.2.3\bin;;D:\Program Files\JetBrains\IntelliJ IDEA 2021.2.3\bin;;D:\Program Files\JetBrains\CLion 2021.2.3\bin;;D:\Program Files\JetBrains\WebStorm 2021.2.3\bin;;C:\Users\liguohui\AppData\Roaming\npm;C:\Users\liguohui\AppData\Local\Yarn\bin;.]
[${project.name}][${env:SERVER_PORT}] 2021-11-28 21:33:16,574 INFO [main][DirectJDKLog.java:173] - Initializing Spring embedded WebApplicationContext
[${project.name}][${env:SERVER_PORT}] 2021-11-28 21:33:16,575 INFO [main][ServletWebServerApplicationContext.java:296] - Root WebApplicationContext: initialization completed in 1207 ms
[${project.name}][${env:SERVER_PORT}] 2021-11-28 21:33:17,153 INFO [main][EndpointLinksResolver.java:59] - Exposing 2 endpoint(s) beneath base path '/actuator'
[${project.name}][${env:SERVER_PORT}] 2021-11-28 21:33:17,197 INFO [main][PropertySourcedRequestMappingHandlerMapping.java:69] - Mapped URL path [/v2/api-docs] onto method [public org.springframework.http.ResponseEntity<springfox.documentation.spring.web.json.Json> springfox.documentation.swagger2.web.Swagger2Controller.getDocumentation(java.lang.String,javax.servlet.http.HttpServletRequest)]
[${project.name}][${env:SERVER_PORT}] 2021-11-28 21:33:17,277 INFO [main][ExecutorConfigurationSupport.java:171] - Initializing ExecutorService 'applicationTaskExecutor'
[${project.name}][${env:SERVER_PORT}] 2021-11-28 21:33:17,486 INFO [main][DocumentationPluginsBootstrapper.java:160] - Context refreshed
[${project.name}][${env:SERVER_PORT}] 2021-11-28 21:33:17,500 INFO [main][DocumentationPluginsBootstrapper.java:163] - Found 1 custom documentation plugin(s)
[${project.name}][${env:SERVER_PORT}] 2021-11-28 21:33:17,522 INFO [main][ApiListingReferenceScanner.java:41] - Scanning for api listing references
[${project.name}][${env:SERVER_PORT}] 2021-11-28 21:33:17,618 INFO [main][DirectJDKLog.java:173] - Starting ProtocolHandler ["http-nio-56085"]
[${project.name}][${env:SERVER_PORT}] 2021-11-28 21:33:17,634 INFO [main][TomcatWebServer.java:204] - Tomcat started on port(s): 56085 (http) with context path '/sailing'
[${project.name}][${env:SERVER_PORT}] 2021-11-28 21:33:17,636 INFO [main][StartupInfoLogger.java:59] - Started SailingBootstrap in 2.552 seconds (JVM running for 3.642)
[${project.name}][${env:SERVER_PORT}] 2021-11-28 21:33:18,232 INFO [RMI TCP Connection(1)-192.168.187.1][EpollProvider.java:68] - Starting without optional epoll library
[${project.name}][${env:SERVER_PORT}] 2021-11-28 21:33:18,233 INFO [RMI TCP Connection(1)-192.168.187.1][KqueueProvider.java:70] - Starting without optional kqueue library
[${project.name}][${env:SERVER_PORT}] 2021-11-28 21:33:18,630 INFO [RMI TCP Connection(3)-192.168.187.1][DirectJDKLog.java:173] - Initializing Spring DispatcherServlet 'dispatcherServlet'
[${project.name}][${env:SERVER_PORT}] 2021-11-28 21:33:18,630 INFO [RMI TCP Connection(3)-192.168.187.1][FrameworkServlet.java:524] - Initializing Servlet 'dispatcherServlet'
[${project.name}][${env:SERVER_PORT}] 2021-11-28 21:33:18,634 INFO [RMI TCP Connection(3)-192.168.187.1][FrameworkServlet.java:546] - Completed initialization in 4 ms
[${project.name}][${env:SERVER_PORT}] 2021-11-28 21:33:50,885 INFO [http-nio-56085-exec-1][QCloudSmsService.java:56] - 给手机号15279429354发送验证码：981732
[${project.name}][${env:SERVER_PORT}] 2021-11-28 21:34:12,978 INFO [Thread-8][ExecutorConfigurationSupport.java:208] - Shutting down ExecutorService 'applicationTaskExecutor'
[${project.name}][${env:SERVER_PORT}] 2021-11-28 21:34:18,887 INFO [main][StartupInfoLogger.java:50] - Starting SailingBootstrap on LAPTOP-VBDG941V with PID 39892 (E:\MyCode\Java\sailing\target\classes started by liguohui in E:\MyCode\Java\sailing)
[${project.name}][${env:SERVER_PORT}] 2021-11-28 21:34:18,892 INFO [main][SpringApplication.java:675] - No active profile set, falling back to default profiles: default
[${project.name}][${env:SERVER_PORT}] 2021-11-28 21:34:19,527 INFO [main][RepositoryConfigurationDelegate.java:244] - Multiple Spring Data modules found, entering strict repository configuration mode!
[${project.name}][${env:SERVER_PORT}] 2021-11-28 21:34:19,530 INFO [main][RepositoryConfigurationDelegate.java:126] - Bootstrapping Spring Data repositories in DEFAULT mode.
[${project.name}][${env:SERVER_PORT}] 2021-11-28 21:34:19,552 INFO [main][RepositoryConfigurationDelegate.java:182] - Finished Spring Data repository scanning in 12ms. Found 0 repository interfaces.
[${project.name}][${env:SERVER_PORT}] 2021-11-28 21:34:19,946 INFO [main][TomcatWebServer.java:90] - Tomcat initialized with port(s): 56085 (http)
[${project.name}][${env:SERVER_PORT}] 2021-11-28 21:34:19,989 INFO [main][DirectJDKLog.java:173] - Initializing ProtocolHandler ["http-nio-56085"]
[${project.name}][${env:SERVER_PORT}] 2021-11-28 21:34:19,995 INFO [main][DirectJDKLog.java:173] - Starting service [Tomcat]
[${project.name}][${env:SERVER_PORT}] 2021-11-28 21:34:19,995 INFO [main][DirectJDKLog.java:173] - Starting Servlet engine: [Apache Tomcat/9.0.16]
[${project.name}][${env:SERVER_PORT}] 2021-11-28 21:34:20,000 INFO [main][DirectJDKLog.java:173] - The APR based Apache Tomcat Native library which allows optimal performance in production environments was not found on the java.library.path: [D:\JDK\jdk1.8.0_191\bin;C:\Windows\Sun\Java\bin;C:\Windows\system32;C:\Windows;D:\JDK\jdk1.8.0_191\bin;C:\Program Files (x86)\Common Files\Oracle\Java\javapath;C:\Program Files (x86)\VMware\VMware Workstation\bin\;C:\Program Files\NVIDIA GPU Computing Toolkit\CUDA\v11.0\bin;C:\Program Files\NVIDIA GPU Computing Toolkit\CUDA\v11.0\libnvvp;C:\Program Files\NVIDIA GPU Computing Toolkit\CUDA\v10.1\bin;C:\Program Files\NVIDIA GPU Computing Toolkit\CUDA\v10.1\libnvvp;C:\Windows\system32;C:\Windows;C:\Windows\System32\Wbem;C:\Windows\System32\WindowsPowerShell\v1.0\;C:\Windows\System32\OpenSSH\;C:\Program Files (x86)\NVIDIA Corporation\PhysX\Common;C:\Program Files\NVIDIA Corporation\NVIDIA NvDLISR;C:\Program Files\NVIDIA Corporation\Nsight Compute 2020.1.1\;D:\MinGW\bin;D:\ProgramData\Anaconda3;D:\ProgramData\Anaconda3\Scripts;D:\ProgramData\Anaconda3\Library\bin;D:\Program_My\mysql-8.0.27-winx64\bin;D:\JDK\jdk1.8.0_191\jre\bin;D:\shanjupay-web\node_modules\.bin;D:\Program Files\nodejs\;C:\Program Files (x86)\Yarn\bin\;D:\Program Files\Git\Git\cmd;C:\Program Files (x86)\GitExtensions\;D:\Program_My\apache-maven-3.3.9\bin;C:\Users\liguohui\AppData\Local\Microsoft\WindowsApps;;D:\Program Files\JetBrains\PyCharm 2021.2.3\bin;;D:\Program Files\JetBrains\IntelliJ IDEA 2021.2.3\bin;;D:\Program Files\JetBrains\CLion 2021.2.3\bin;;D:\Program Files\JetBrains\WebStorm 2021.2.3\bin;;C:\Users\liguohui\AppData\Roaming\npm;C:\Users\liguohui\AppData\Local\Yarn\bin;.]
[${project.name}][${env:SERVER_PORT}] 2021-11-28 21:34:20,102 INFO [main][DirectJDKLog.java:173] - Initializing Spring embedded WebApplicationContext
[${project.name}][${env:SERVER_PORT}] 2021-11-28 21:34:20,103 INFO [main][ServletWebServerApplicationContext.java:296] - Root WebApplicationContext: initialization completed in 1184 ms
[${project.name}][${env:SERVER_PORT}] 2021-11-28 21:34:20,680 INFO [main][EndpointLinksResolver.java:59] - Exposing 2 endpoint(s) beneath base path '/actuator'
[${project.name}][${env:SERVER_PORT}] 2021-11-28 21:34:20,726 INFO [main][PropertySourcedRequestMappingHandlerMapping.java:69] - Mapped URL path [/v2/api-docs] onto method [public org.springframework.http.ResponseEntity<springfox.documentation.spring.web.json.Json> springfox.documentation.swagger2.web.Swagger2Controller.getDocumentation(java.lang.String,javax.servlet.http.HttpServletRequest)]
[${project.name}][${env:SERVER_PORT}] 2021-11-28 21:34:20,809 INFO [main][ExecutorConfigurationSupport.java:171] - Initializing ExecutorService 'applicationTaskExecutor'
[${project.name}][${env:SERVER_PORT}] 2021-11-28 21:34:21,019 INFO [main][DocumentationPluginsBootstrapper.java:160] - Context refreshed
[${project.name}][${env:SERVER_PORT}] 2021-11-28 21:34:21,034 INFO [main][DocumentationPluginsBootstrapper.java:163] - Found 1 custom documentation plugin(s)
[${project.name}][${env:SERVER_PORT}] 2021-11-28 21:34:21,059 INFO [main][ApiListingReferenceScanner.java:41] - Scanning for api listing references
[${project.name}][${env:SERVER_PORT}] 2021-11-28 21:34:21,163 INFO [main][DirectJDKLog.java:173] - Starting ProtocolHandler ["http-nio-56085"]
[${project.name}][${env:SERVER_PORT}] 2021-11-28 21:34:21,179 INFO [main][TomcatWebServer.java:204] - Tomcat started on port(s): 56085 (http) with context path '/sailing'
[${project.name}][${env:SERVER_PORT}] 2021-11-28 21:34:21,182 INFO [main][StartupInfoLogger.java:59] - Started SailingBootstrap in 2.558 seconds (JVM running for 3.56)
[${project.name}][${env:SERVER_PORT}] 2021-11-28 21:34:21,709 INFO [RMI TCP Connection(1)-192.168.187.1][EpollProvider.java:68] - Starting without optional epoll library
[${project.name}][${env:SERVER_PORT}] 2021-11-28 21:34:21,711 INFO [RMI TCP Connection(1)-192.168.187.1][KqueueProvider.java:70] - Starting without optional kqueue library
[${project.name}][${env:SERVER_PORT}] 2021-11-28 21:34:22,116 INFO [RMI TCP Connection(3)-192.168.187.1][DirectJDKLog.java:173] - Initializing Spring DispatcherServlet 'dispatcherServlet'
[${project.name}][${env:SERVER_PORT}] 2021-11-28 21:34:22,116 INFO [RMI TCP Connection(3)-192.168.187.1][FrameworkServlet.java:524] - Initializing Servlet 'dispatcherServlet'
[${project.name}][${env:SERVER_PORT}] 2021-11-28 21:34:22,121 INFO [RMI TCP Connection(3)-192.168.187.1][FrameworkServlet.java:546] - Completed initialization in 5 ms
[${project.name}][${env:SERVER_PORT}] 2021-11-28 21:55:59,700 INFO [http-nio-56085-exec-1][QCloudSmsService.java:56] - 给手机号15279429354发送验证码：524010
