[${project.name}][${env:SERVER_PORT}] 2021-11-20 20:44:27,045 INFO [main][StartupInfoLogger.java:50] - Starting SailingBootstrap on LAPTOP-VBDG941V with PID 54600 (E:\MyCode\Java\sailing\target\classes started by liguohui in E:\MyCode\Java\sailing)
[${project.name}][${env:SERVER_PORT}] 2021-11-20 20:44:27,081 INFO [main][SpringApplication.java:675] - No active profile set, falling back to default profiles: default
[${project.name}][${env:SERVER_PORT}] 2021-11-20 20:44:27,673 INFO [main][RepositoryConfigurationDelegate.java:244] - Multiple Spring Data modules found, entering strict repository configuration mode!
[${project.name}][${env:SERVER_PORT}] 2021-11-20 20:44:27,675 INFO [main][RepositoryConfigurationDelegate.java:126] - Bootstrapping Spring Data repositories in DEFAULT mode.
[${project.name}][${env:SERVER_PORT}] 2021-11-20 20:44:27,695 INFO [main][RepositoryConfigurationDelegate.java:182] - Finished Spring Data repository scanning in 11ms. Found 0 repository interfaces.
[${project.name}][${env:SERVER_PORT}] 2021-11-20 20:44:28,050 INFO [main][TomcatWebServer.java:90] - Tomcat initialized with port(s): 56085 (http)
[${project.name}][${env:SERVER_PORT}] 2021-11-20 20:44:28,060 INFO [main][DirectJDKLog.java:173] - Initializing ProtocolHandler ["http-nio-56085"]
[${project.name}][${env:SERVER_PORT}] 2021-11-20 20:44:28,065 INFO [main][DirectJDKLog.java:173] - Starting service [Tomcat]
[${project.name}][${env:SERVER_PORT}] 2021-11-20 20:44:28,066 INFO [main][DirectJDKLog.java:173] - Starting Servlet engine: [Apache Tomcat/9.0.16]
[${project.name}][${env:SERVER_PORT}] 2021-11-20 20:44:28,070 INFO [main][DirectJDKLog.java:173] - The APR based Apache Tomcat Native library which allows optimal performance in production environments was not found on the java.library.path: [D:\JDK\jdk1.8.0_191\bin;C:\Windows\Sun\Java\bin;C:\Windows\system32;C:\Windows;D:\JDK\jdk1.8.0_191\bin;C:\Program Files (x86)\Common Files\Oracle\Java\javapath;C:\Program Files (x86)\VMware\VMware Workstation\bin\;C:\Program Files\NVIDIA GPU Computing Toolkit\CUDA\v11.0\bin;C:\Program Files\NVIDIA GPU Computing Toolkit\CUDA\v11.0\libnvvp;C:\Program Files\NVIDIA GPU Computing Toolkit\CUDA\v10.1\bin;C:\Program Files\NVIDIA GPU Computing Toolkit\CUDA\v10.1\libnvvp;C:\Windows\system32;C:\Windows;C:\Windows\System32\Wbem;C:\Windows\System32\WindowsPowerShell\v1.0\;C:\Windows\System32\OpenSSH\;C:\Program Files (x86)\NVIDIA Corporation\PhysX\Common;C:\Program Files\NVIDIA Corporation\NVIDIA NvDLISR;C:\Program Files\NVIDIA Corporation\Nsight Compute 2020.1.1\;D:\MinGW\bin;D:\ProgramData\Anaconda3;D:\ProgramData\Anaconda3\Scripts;D:\ProgramData\Anaconda3\Library\bin;D:\Program_My\mysql-8.0.27-winx64\bin;D:\JDK\jdk1.8.0_191\jre\bin;D:\shanjupay-web\node_modules\.bin;D:\Program Files\nodejs\;C:\Program Files (x86)\Yarn\bin\;C:\Users\liguohui\AppData\Local\Microsoft\WindowsApps;;D:\Program Files\JetBrains\PyCharm 2021.2.3\bin;;D:\Program Files\JetBrains\IntelliJ IDEA 2021.2.3\bin;;D:\Program Files\JetBrains\CLion 2021.2.3\bin;;D:\Program Files\JetBrains\WebStorm 2021.2.3\bin;;C:\Users\liguohui\AppData\Roaming\npm;C:\Users\liguohui\AppData\Local\Yarn\bin;.]
[${project.name}][${env:SERVER_PORT}] 2021-11-20 20:44:28,217 INFO [main][DirectJDKLog.java:173] - Initializing Spring embedded WebApplicationContext
[${project.name}][${env:SERVER_PORT}] 2021-11-20 20:44:28,217 INFO [main][ServletWebServerApplicationContext.java:296] - Root WebApplicationContext: initialization completed in 1115 ms
[${project.name}][${env:SERVER_PORT}] 2021-11-20 20:44:28,754 INFO [main][EndpointLinksResolver.java:59] - Exposing 2 endpoint(s) beneath base path '/actuator'
[${project.name}][${env:SERVER_PORT}] 2021-11-20 20:44:28,795 INFO [main][PropertySourcedRequestMappingHandlerMapping.java:69] - Mapped URL path [/v2/api-docs] onto method [public org.springframework.http.ResponseEntity<springfox.documentation.spring.web.json.Json> springfox.documentation.swagger2.web.Swagger2Controller.getDocumentation(java.lang.String,javax.servlet.http.HttpServletRequest)]
[${project.name}][${env:SERVER_PORT}] 2021-11-20 20:44:28,870 INFO [main][ExecutorConfigurationSupport.java:171] - Initializing ExecutorService 'applicationTaskExecutor'
[${project.name}][${env:SERVER_PORT}] 2021-11-20 20:44:29,050 INFO [main][DocumentationPluginsBootstrapper.java:160] - Context refreshed
[${project.name}][${env:SERVER_PORT}] 2021-11-20 20:44:29,064 INFO [main][DocumentationPluginsBootstrapper.java:163] - Found 1 custom documentation plugin(s)
[${project.name}][${env:SERVER_PORT}] 2021-11-20 20:44:29,085 INFO [main][ApiListingReferenceScanner.java:41] - Scanning for api listing references
[${project.name}][${env:SERVER_PORT}] 2021-11-20 20:44:29,184 INFO [main][DirectJDKLog.java:173] - Starting ProtocolHandler ["http-nio-56085"]
[${project.name}][${env:SERVER_PORT}] 2021-11-20 20:44:29,200 INFO [main][TomcatWebServer.java:204] - Tomcat started on port(s): 56085 (http) with context path '/sailing'
[${project.name}][${env:SERVER_PORT}] 2021-11-20 20:44:29,202 INFO [main][StartupInfoLogger.java:59] - Started SailingBootstrap in 2.381 seconds (JVM running for 3.287)
[${project.name}][${env:SERVER_PORT}] 2021-11-20 20:44:29,317 INFO [RMI TCP Connection(1)-192.168.187.1][DirectJDKLog.java:173] - Initializing Spring DispatcherServlet 'dispatcherServlet'
[${project.name}][${env:SERVER_PORT}] 2021-11-20 20:44:29,317 INFO [RMI TCP Connection(1)-192.168.187.1][FrameworkServlet.java:524] - Initializing Servlet 'dispatcherServlet'
[${project.name}][${env:SERVER_PORT}] 2021-11-20 20:44:29,321 INFO [RMI TCP Connection(1)-192.168.187.1][FrameworkServlet.java:546] - Completed initialization in 4 ms
[${project.name}][${env:SERVER_PORT}] 2021-11-20 20:44:29,847 INFO [RMI TCP Connection(3)-192.168.187.1][EpollProvider.java:68] - Starting without optional epoll library
[${project.name}][${env:SERVER_PORT}] 2021-11-20 20:44:29,849 INFO [RMI TCP Connection(3)-192.168.187.1][KqueueProvider.java:70] - Starting without optional kqueue library
